This file contains any messages produced by compilers while
running configure, to aid debugging if configure makes a mistake.

It was created by BoostThreadPractice configure 0.1, which was
generated by GNU Autoconf 2.69.  Invocation command line was

  $ ./configure 

## --------- ##
## Platform. ##
## --------- ##

hostname = jm-UX303LB
uname -m = x86_64
uname -r = 3.19.0-26-generic
uname -s = Linux
uname -v = #28~14.04.1-Ubuntu SMP Wed Aug 12 14:09:17 UTC 2015

/usr/bin/uname -p = unknown
/bin/uname -X     = unknown

/bin/arch              = unknown
/usr/bin/arch -k       = unknown
/usr/convex/getsysinfo = unknown
/usr/bin/hostinfo      = unknown
/bin/machine           = unknown
/usr/bin/oslevel       = unknown
/bin/universe          = unknown

PATH: /usr/local/sbin
PATH: /usr/local/bin
PATH: /usr/sbin
PATH: /usr/bin
PATH: /sbin
PATH: /bin
PATH: /usr/games
PATH: /usr/local/games


## ----------- ##
## Core tests. ##
## ----------- ##

configure:2313: checking for g++
configure:2329: found /usr/bin/g++
configure:2340: result: g++
configure:2367: checking for C++ compiler version
configure:2376: g++ --version >&5
g++ (Ubuntu 4.8.4-2ubuntu1~14.04) 4.8.4
Copyright (C) 2013 Free Software Foundation, Inc.
This is free software; see the source for copying conditions.  There is NO
warranty; not even for MERCHANTABILITY or FITNESS FOR A PARTICULAR PURPOSE.

configure:2387: $? = 0
configure:2376: g++ -v >&5
Using built-in specs.
COLLECT_GCC=g++
COLLECT_LTO_WRAPPER=/usr/lib/gcc/x86_64-linux-gnu/4.8/lto-wrapper
Target: x86_64-linux-gnu
Configured with: ../src/configure -v --with-pkgversion='Ubuntu 4.8.4-2ubuntu1~14.04' --with-bugurl=file:///usr/share/doc/gcc-4.8/README.Bugs --enable-languages=c,c++,java,go,d,fortran,objc,obj-c++ --prefix=/usr --program-suffix=-4.8 --enable-shared --enable-linker-build-id --libexecdir=/usr/lib --without-included-gettext --enable-threads=posix --with-gxx-include-dir=/usr/include/c++/4.8 --libdir=/usr/lib --enable-nls --with-sysroot=/ --enable-clocale=gnu --enable-libstdcxx-debug --enable-libstdcxx-time=yes --enable-gnu-unique-object --disable-libmudflap --enable-plugin --with-system-zlib --disable-browser-plugin --enable-java-awt=gtk --enable-gtk-cairo --with-java-home=/usr/lib/jvm/java-1.5.0-gcj-4.8-amd64/jre --enable-java-home --with-jvm-root-dir=/usr/lib/jvm/java-1.5.0-gcj-4.8-amd64 --with-jvm-jar-dir=/usr/lib/jvm-exports/java-1.5.0-gcj-4.8-amd64 --with-arch-directory=amd64 --with-ecj-jar=/usr/share/java/eclipse-ecj.jar --enable-objc-gc --enable-multiarch --disable-werror --with-arch-32=i686 --with-abi=m64 --with-multilib-list=m32,m64,mx32 --with-tune=generic --enable-checking=release --build=x86_64-linux-gnu --host=x86_64-linux-gnu --target=x86_64-linux-gnu
Thread model: posix
gcc version 4.8.4 (Ubuntu 4.8.4-2ubuntu1~14.04) 
configure:2387: $? = 0
configure:2376: g++ -V >&5
g++: error: unrecognized command line option '-V'
g++: fatal error: no input files
compilation terminated.
configure:2387: $? = 4
configure:2376: g++ -qversion >&5
g++: error: unrecognized command line option '-qversion'
g++: fatal error: no input files
compilation terminated.
configure:2387: $? = 4
configure:2407: checking whether the C++ compiler works
configure:2429: g++    conftest.cpp  >&5
configure:2433: $? = 0
configure:2481: result: yes
configure:2484: checking for C++ compiler default output file name
configure:2486: result: a.out
configure:2492: checking for suffix of executables
configure:2499: g++ -o conftest    conftest.cpp  >&5
configure:2503: $? = 0
configure:2525: result: 
configure:2547: checking whether we are cross compiling
configure:2555: g++ -o conftest    conftest.cpp  >&5
configure:2559: $? = 0
configure:2566: ./conftest
configure:2570: $? = 0
configure:2585: result: no
configure:2590: checking for suffix of object files
configure:2612: g++ -c   conftest.cpp >&5
configure:2616: $? = 0
configure:2637: result: o
configure:2641: checking whether we are using the GNU C++ compiler
configure:2660: g++ -c   conftest.cpp >&5
configure:2660: $? = 0
configure:2669: result: yes
configure:2678: checking whether g++ accepts -g
configure:2698: g++ -c -g  conftest.cpp >&5
configure:2698: $? = 0
configure:2739: result: yes
configure:2810: checking for gcc
configure:2826: found /usr/bin/gcc
configure:2837: result: gcc
configure:3066: checking for C compiler version
configure:3075: gcc --version >&5
gcc (Ubuntu 4.8.4-2ubuntu1~14.04) 4.8.4
Copyright (C) 2013 Free Software Foundation, Inc.
This is free software; see the source for copying conditions.  There is NO
warranty; not even for MERCHANTABILITY or FITNESS FOR A PARTICULAR PURPOSE.

configure:3086: $? = 0
configure:3075: gcc -v >&5
Using built-in specs.
COLLECT_GCC=gcc
COLLECT_LTO_WRAPPER=/usr/lib/gcc/x86_64-linux-gnu/4.8/lto-wrapper
Target: x86_64-linux-gnu
Configured with: ../src/configure -v --with-pkgversion='Ubuntu 4.8.4-2ubuntu1~14.04' --with-bugurl=file:///usr/share/doc/gcc-4.8/README.Bugs --enable-languages=c,c++,java,go,d,fortran,objc,obj-c++ --prefix=/usr --program-suffix=-4.8 --enable-shared --enable-linker-build-id --libexecdir=/usr/lib --without-included-gettext --enable-threads=posix --with-gxx-include-dir=/usr/include/c++/4.8 --libdir=/usr/lib --enable-nls --with-sysroot=/ --enable-clocale=gnu --enable-libstdcxx-debug --enable-libstdcxx-time=yes --enable-gnu-unique-object --disable-libmudflap --enable-plugin --with-system-zlib --disable-browser-plugin --enable-java-awt=gtk --enable-gtk-cairo --with-java-home=/usr/lib/jvm/java-1.5.0-gcj-4.8-amd64/jre --enable-java-home --with-jvm-root-dir=/usr/lib/jvm/java-1.5.0-gcj-4.8-amd64 --with-jvm-jar-dir=/usr/lib/jvm-exports/java-1.5.0-gcj-4.8-amd64 --with-arch-directory=amd64 --with-ecj-jar=/usr/share/java/eclipse-ecj.jar --enable-objc-gc --enable-multiarch --disable-werror --with-arch-32=i686 --with-abi=m64 --with-multilib-list=m32,m64,mx32 --with-tune=generic --enable-checking=release --build=x86_64-linux-gnu --host=x86_64-linux-gnu --target=x86_64-linux-gnu
Thread model: posix
gcc version 4.8.4 (Ubuntu 4.8.4-2ubuntu1~14.04) 
configure:3086: $? = 0
configure:3075: gcc -V >&5
gcc: error: unrecognized command line option '-V'
gcc: fatal error: no input files
compilation terminated.
configure:3086: $? = 4
configure:3075: gcc -qversion >&5
gcc: error: unrecognized command line option '-qversion'
gcc: fatal error: no input files
compilation terminated.
configure:3086: $? = 4
configure:3090: checking whether we are using the GNU C compiler
configure:3109: gcc -c   conftest.c >&5
configure:3109: $? = 0
configure:3118: result: yes
configure:3127: checking whether gcc accepts -g
configure:3147: gcc -c -g  conftest.c >&5
configure:3147: $? = 0
configure:3188: result: yes
configure:3205: checking for gcc option to accept ISO C89
configure:3268: gcc  -c -g -O2  conftest.c >&5
configure:3268: $? = 0
configure:3281: result: none needed
configure:3309: checking whether gcc understands -c and -o together
configure:3331: gcc -c conftest.c -o conftest2.o
configure:3334: $? = 0
configure:3331: gcc -c conftest.c -o conftest2.o
configure:3334: $? = 0
configure:3346: result: yes
configure:3406: checking for a BSD-compatible install
configure:3474: result: /usr/bin/install -c
configure:3489: checking whether build environment is sane
configure:3544: result: yes
configure:3579: WARNING: 'missing' script is too old or missing
configure:3692: checking for a thread-safe mkdir -p
configure:3731: result: /bin/mkdir -p
configure:3738: checking for gawk
configure:3768: result: no
configure:3738: checking for mawk
configure:3754: found /usr/bin/mawk
configure:3765: result: mawk
configure:3776: checking whether make sets $(MAKE)
configure:3798: result: yes
configure:3828: checking for style of include used by make
configure:3856: result: GNU
configure:3890: checking whether make supports nested variables
configure:3907: result: yes
configure:3992: checking dependency style of gcc
configure:4103: result: gcc3
configure:4120: checking dependency style of g++
configure:4231: result: gcc3
configure:4318: checking build system type
configure:4332: result: x86_64-unknown-linux-gnu
configure:4352: checking host system type
configure:4365: result: x86_64-unknown-linux-gnu
configure:4406: checking how to print strings
configure:4433: result: printf
configure:4454: checking for a sed that does not truncate output
configure:4518: result: /bin/sed
configure:4536: checking for grep that handles long lines and -e
configure:4594: result: /bin/grep
configure:4599: checking for egrep
configure:4661: result: /bin/grep -E
configure:4666: checking for fgrep
configure:4728: result: /bin/grep -F
configure:4763: checking for ld used by gcc
configure:4830: result: /usr/bin/ld
configure:4837: checking if the linker (/usr/bin/ld) is GNU ld
configure:4852: result: yes
configure:4864: checking for BSD- or MS-compatible name lister (nm)
configure:4913: result: /usr/bin/nm -B
configure:5043: checking the name lister (/usr/bin/nm -B) interface
configure:5050: gcc -c -g -O2  conftest.c >&5
configure:5053: /usr/bin/nm -B "conftest.o"
configure:5056: output
0000000000000000 B some_variable
configure:5063: result: BSD nm
configure:5066: checking whether ln -s works
configure:5070: result: yes
configure:5078: checking the maximum length of command line arguments
configure:5209: result: 1572864
configure:5226: checking whether the shell understands some XSI constructs
configure:5236: result: yes
configure:5240: checking whether the shell understands "+="
configure:5246: result: yes
configure:5281: checking how to convert x86_64-unknown-linux-gnu file names to x86_64-unknown-linux-gnu format
configure:5321: result: func_convert_file_noop
configure:5328: checking how to convert x86_64-unknown-linux-gnu file names to toolchain format
configure:5348: result: func_convert_file_noop
configure:5355: checking for /usr/bin/ld option to reload object files
configure:5362: result: -r
configure:5436: checking for objdump
configure:5452: found /usr/bin/objdump
configure:5463: result: objdump
configure:5495: checking how to recognize dependent libraries
configure:5693: result: pass_all
configure:5778: checking for dlltool
configure:5808: result: no
configure:5838: checking how to associate runtime and link libraries
configure:5865: result: printf %s\n
configure:5926: checking for ar
configure:5942: found /usr/bin/ar
configure:5953: result: ar
configure:5990: checking for archiver @FILE support
configure:6007: gcc -c -g -O2  conftest.c >&5
configure:6007: $? = 0
configure:6010: ar cru libconftest.a @conftest.lst >&5
configure:6013: $? = 0
configure:6018: ar cru libconftest.a @conftest.lst >&5
ar: conftest.o: No such file or directory
configure:6021: $? = 1
configure:6033: result: @
configure:6091: checking for strip
configure:6107: found /usr/bin/strip
configure:6118: result: strip
configure:6190: checking for ranlib
configure:6206: found /usr/bin/ranlib
configure:6217: result: ranlib
configure:6319: checking command to parse /usr/bin/nm -B output from gcc object
configure:6439: gcc -c -g -O2  conftest.c >&5
configure:6442: $? = 0
configure:6446: /usr/bin/nm -B conftest.o \| sed -n -e 's/^.*[ ]\([ABCDGIRSTW][ABCDGIRSTW]*\)[ ][ ]*\([_A-Za-z][_A-Za-z0-9]*\)$/\1 \2 \2/p' | sed '/ __gnu_lto/d' \> conftest.nm
configure:6449: $? = 0
configure:6515: gcc -o conftest -g -O2   conftest.c conftstm.o >&5
configure:6518: $? = 0
configure:6556: result: ok
configure:6593: checking for sysroot
configure:6623: result: no
configure:6700: gcc -c -g -O2  conftest.c >&5
configure:6703: $? = 0
configure:6892: checking for mt
configure:6908: found /bin/mt
configure:6919: result: mt
configure:6942: checking if mt is a manifest tool
configure:6948: mt '-?'
configure:6956: result: no
configure:7598: checking how to run the C preprocessor
configure:7629: gcc -E  conftest.c
configure:7629: $? = 0
configure:7643: gcc -E  conftest.c
conftest.c:11:28: fatal error: ac_nonexistent.h: No such file or directory
 #include <ac_nonexistent.h>
                            ^
compilation terminated.
configure:7643: $? = 1
configure: failed program was:
| /* confdefs.h */
| #define PACKAGE_NAME "BoostThreadPractice"
| #define PACKAGE_TARNAME "boostthreadpractice"
| #define PACKAGE_VERSION "0.1"
| #define PACKAGE_STRING "BoostThreadPractice 0.1"
| #define PACKAGE_BUGREPORT "wajianming@mgmail.com"
| #define PACKAGE_URL ""
| #define PACKAGE "boostthreadpractice"
| #define VERSION "0.1"
| /* end confdefs.h.  */
| #include <ac_nonexistent.h>
configure:7668: result: gcc -E
configure:7688: gcc -E  conftest.c
configure:7688: $? = 0
configure:7702: gcc -E  conftest.c
conftest.c:11:28: fatal error: ac_nonexistent.h: No such file or directory
 #include <ac_nonexistent.h>
                            ^
compilation terminated.
configure:7702: $? = 1
configure: failed program was:
| /* confdefs.h */
| #define PACKAGE_NAME "BoostThreadPractice"
| #define PACKAGE_TARNAME "boostthreadpractice"
| #define PACKAGE_VERSION "0.1"
| #define PACKAGE_STRING "BoostThreadPractice 0.1"
| #define PACKAGE_BUGREPORT "wajianming@mgmail.com"
| #define PACKAGE_URL ""
| #define PACKAGE "boostthreadpractice"
| #define VERSION "0.1"
| /* end confdefs.h.  */
| #include <ac_nonexistent.h>
configure:7731: checking for ANSI C header files
configure:7751: gcc -c -g -O2  conftest.c >&5
configure:7751: $? = 0
configure:7824: gcc -o conftest -g -O2   conftest.c  >&5
configure:7824: $? = 0
configure:7824: ./conftest
configure:7824: $? = 0
configure:7835: result: yes
configure:7848: checking for sys/types.h
configure:7848: gcc -c -g -O2  conftest.c >&5
configure:7848: $? = 0
configure:7848: result: yes
configure:7848: checking for sys/stat.h
configure:7848: gcc -c -g -O2  conftest.c >&5
configure:7848: $? = 0
configure:7848: result: yes
configure:7848: checking for stdlib.h
configure:7848: gcc -c -g -O2  conftest.c >&5
configure:7848: $? = 0
configure:7848: result: yes
configure:7848: checking for string.h
configure:7848: gcc -c -g -O2  conftest.c >&5
configure:7848: $? = 0
configure:7848: result: yes
configure:7848: checking for memory.h
configure:7848: gcc -c -g -O2  conftest.c >&5
configure:7848: $? = 0
configure:7848: result: yes
configure:7848: checking for strings.h
configure:7848: gcc -c -g -O2  conftest.c >&5
configure:7848: $? = 0
configure:7848: result: yes
configure:7848: checking for inttypes.h
configure:7848: gcc -c -g -O2  conftest.c >&5
configure:7848: $? = 0
configure:7848: result: yes
configure:7848: checking for stdint.h
configure:7848: gcc -c -g -O2  conftest.c >&5
configure:7848: $? = 0
configure:7848: result: yes
configure:7848: checking for unistd.h
configure:7848: gcc -c -g -O2  conftest.c >&5
configure:7848: $? = 0
configure:7848: result: yes
configure:7862: checking for dlfcn.h
configure:7862: gcc -c -g -O2  conftest.c >&5
configure:7862: $? = 0
configure:7862: result: yes
configure:8078: checking for objdir
configure:8093: result: .libs
configure:8360: checking if gcc supports -fno-rtti -fno-exceptions
configure:8378: gcc -c -g -O2  -fno-rtti -fno-exceptions conftest.c >&5
cc1: warning: command line option '-fno-rtti' is valid for C++/ObjC++ but not for C [enabled by default]
configure:8382: $? = 0
configure:8395: result: no
configure:8722: checking for gcc option to produce PIC
configure:8729: result: -fPIC -DPIC
configure:8737: checking if gcc PIC flag -fPIC -DPIC works
configure:8755: gcc -c -g -O2  -fPIC -DPIC -DPIC conftest.c >&5
configure:8759: $? = 0
configure:8772: result: yes
configure:8801: checking if gcc static flag -static works
configure:8829: result: yes
configure:8844: checking if gcc supports -c -o file.o
configure:8865: gcc -c -g -O2  -o out/conftest2.o conftest.c >&5
configure:8869: $? = 0
configure:8891: result: yes
configure:8899: checking if gcc supports -c -o file.o
configure:8946: result: yes
configure:8979: checking whether the gcc linker (/usr/bin/ld -m elf_x86_64) supports shared libraries
configure:10136: result: yes
configure:10173: checking whether -lc should be explicitly linked in
configure:10181: gcc -c -g -O2  conftest.c >&5
configure:10184: $? = 0
configure:10199: gcc -shared  -fPIC -DPIC conftest.o  -v -Wl,-soname -Wl,conftest -o conftest 2\>\&1 \| /bin/grep  -lc  \>/dev/null 2\>\&1
configure:10202: $? = 0
configure:10216: result: no
configure:10376: checking dynamic linker characteristics
configure:10876: gcc -o conftest -g -O2   -Wl,-rpath -Wl,/foo conftest.c  >&5
configure:10876: $? = 0
configure:11110: result: GNU/Linux ld.so
configure:11217: checking how to hardcode library paths into programs
configure:11242: result: immediate
configure:11336: checking for shl_load
configure:11336: gcc -o conftest -g -O2   conftest.c  >&5
/tmp/ccgale53.o: In function `main':
/home/jm/github/BoostThreadPractice/conftest.c:57: undefined reference to `shl_load'
collect2: error: ld returned 1 exit status
configure:11336: $? = 1
configure: failed program was:
| /* confdefs.h */
| #define PACKAGE_NAME "BoostThreadPractice"
| #define PACKAGE_TARNAME "boostthreadpractice"
| #define PACKAGE_VERSION "0.1"
| #define PACKAGE_STRING "BoostThreadPractice 0.1"
| #define PACKAGE_BUGREPORT "wajianming@mgmail.com"
| #define PACKAGE_URL ""
| #define PACKAGE "boostthreadpractice"
| #define VERSION "0.1"
| #define STDC_HEADERS 1
| #define HAVE_SYS_TYPES_H 1
| #define HAVE_SYS_STAT_H 1
| #define HAVE_STDLIB_H 1
| #define HAVE_STRING_H 1
| #define HAVE_MEMORY_H 1
| #define HAVE_STRINGS_H 1
| #define HAVE_INTTYPES_H 1
| #define HAVE_STDINT_H 1
| #define HAVE_UNISTD_H 1
| #define HAVE_DLFCN_H 1
| #define LT_OBJDIR ".libs/"
| /* end confdefs.h.  */
| /* Define shl_load to an innocuous variant, in case <limits.h> declares shl_load.
|    For example, HP-UX 11i <limits.h> declares gettimeofday.  */
| #define shl_load innocuous_shl_load
| 
| /* System header to define __stub macros and hopefully few prototypes,
|     which can conflict with char shl_load (); below.
|     Prefer <limits.h> to <assert.h> if __STDC__ is defined, since
|     <limits.h> exists even on freestanding compilers.  */
| 
| #ifdef __STDC__
| # include <limits.h>
| #else
| # include <assert.h>
| #endif
| 
| #undef shl_load
| 
| /* Override any GCC internal prototype to avoid an error.
|    Use char because int might match the return type of a GCC
|    builtin and then its argument prototype would still apply.  */
| #ifdef __cplusplus
| extern "C"
| #endif
| char shl_load ();
| /* The GNU C library defines this for functions which it implements
|     to always fail with ENOSYS.  Some functions are actually named
|     something starting with __ and the normal name is an alias.  */
| #if defined __stub_shl_load || defined __stub___shl_load
| choke me
| #endif
| 
| int
| main ()
| {
| return shl_load ();
|   ;
|   return 0;
| }
configure:11336: result: no
configure:11340: checking for shl_load in -ldld
configure:11365: gcc -o conftest -g -O2   conftest.c -ldld   >&5
/usr/bin/ld: cannot find -ldld
collect2: error: ld returned 1 exit status
configure:11365: $? = 1
configure: failed program was:
| /* confdefs.h */
| #define PACKAGE_NAME "BoostThreadPractice"
| #define PACKAGE_TARNAME "boostthreadpractice"
| #define PACKAGE_VERSION "0.1"
| #define PACKAGE_STRING "BoostThreadPractice 0.1"
| #define PACKAGE_BUGREPORT "wajianming@mgmail.com"
| #define PACKAGE_URL ""
| #define PACKAGE "boostthreadpractice"
| #define VERSION "0.1"
| #define STDC_HEADERS 1
| #define HAVE_SYS_TYPES_H 1
| #define HAVE_SYS_STAT_H 1
| #define HAVE_STDLIB_H 1
| #define HAVE_STRING_H 1
| #define HAVE_MEMORY_H 1
| #define HAVE_STRINGS_H 1
| #define HAVE_INTTYPES_H 1
| #define HAVE_STDINT_H 1
| #define HAVE_UNISTD_H 1
| #define HAVE_DLFCN_H 1
| #define LT_OBJDIR ".libs/"
| /* end confdefs.h.  */
| 
| /* Override any GCC internal prototype to avoid an error.
|    Use char because int might match the return type of a GCC
|    builtin and then its argument prototype would still apply.  */
| #ifdef __cplusplus
| extern "C"
| #endif
| char shl_load ();
| int
| main ()
| {
| return shl_load ();
|   ;
|   return 0;
| }
configure:11374: result: no
configure:11379: checking for dlopen
configure:11379: gcc -o conftest -g -O2   conftest.c  >&5
/tmp/ccH1JnJ8.o: In function `main':
/home/jm/github/BoostThreadPractice/conftest.c:57: undefined reference to `dlopen'
collect2: error: ld returned 1 exit status
configure:11379: $? = 1
configure: failed program was:
| /* confdefs.h */
| #define PACKAGE_NAME "BoostThreadPractice"
| #define PACKAGE_TARNAME "boostthreadpractice"
| #define PACKAGE_VERSION "0.1"
| #define PACKAGE_STRING "BoostThreadPractice 0.1"
| #define PACKAGE_BUGREPORT "wajianming@mgmail.com"
| #define PACKAGE_URL ""
| #define PACKAGE "boostthreadpractice"
| #define VERSION "0.1"
| #define STDC_HEADERS 1
| #define HAVE_SYS_TYPES_H 1
| #define HAVE_SYS_STAT_H 1
| #define HAVE_STDLIB_H 1
| #define HAVE_STRING_H 1
| #define HAVE_MEMORY_H 1
| #define HAVE_STRINGS_H 1
| #define HAVE_INTTYPES_H 1
| #define HAVE_STDINT_H 1
| #define HAVE_UNISTD_H 1
| #define HAVE_DLFCN_H 1
| #define LT_OBJDIR ".libs/"
| /* end confdefs.h.  */
| /* Define dlopen to an innocuous variant, in case <limits.h> declares dlopen.
|    For example, HP-UX 11i <limits.h> declares gettimeofday.  */
| #define dlopen innocuous_dlopen
| 
| /* System header to define __stub macros and hopefully few prototypes,
|     which can conflict with char dlopen (); below.
|     Prefer <limits.h> to <assert.h> if __STDC__ is defined, since
|     <limits.h> exists even on freestanding compilers.  */
| 
| #ifdef __STDC__
| # include <limits.h>
| #else
| # include <assert.h>
| #endif
| 
| #undef dlopen
| 
| /* Override any GCC internal prototype to avoid an error.
|    Use char because int might match the return type of a GCC
|    builtin and then its argument prototype would still apply.  */
| #ifdef __cplusplus
| extern "C"
| #endif
| char dlopen ();
| /* The GNU C library defines this for functions which it implements
|     to always fail with ENOSYS.  Some functions are actually named
|     something starting with __ and the normal name is an alias.  */
| #if defined __stub_dlopen || defined __stub___dlopen
| choke me
| #endif
| 
| int
| main ()
| {
| return dlopen ();
|   ;
|   return 0;
| }
configure:11379: result: no
configure:11383: checking for dlopen in -ldl
configure:11408: gcc -o conftest -g -O2   conftest.c -ldl   >&5
configure:11408: $? = 0
configure:11417: result: yes
configure:11536: checking whether a program can dlopen itself
configure:11616: gcc -o conftest -g -O2  -DHAVE_DLFCN_H  -Wl,--export-dynamic conftest.c -ldl  >&5
configure:11619: $? = 0
configure:11637: result: yes
configure:11642: checking whether a statically linked program can dlopen itself
configure:11722: gcc -o conftest -g -O2  -DHAVE_DLFCN_H  -Wl,--export-dynamic -static conftest.c -ldl  >&5
/tmp/ccjRpZYg.o: In function `main':
/home/jm/github/BoostThreadPractice/configure:11701: warning: Using 'dlopen' in statically linked applications requires at runtime the shared libraries from the glibc version used for linking
/usr/bin/ld: dynamic STT_GNU_IFUNC symbol `strcmp' with pointer equality in `/usr/lib/gcc/x86_64-linux-gnu/4.8/../../../x86_64-linux-gnu/libc.a(strcmp.o)' can not be used when making an executable; recompile with -fPIE and relink with -pie
collect2: error: ld returned 1 exit status
configure:11725: $? = 1
configure:11743: result: no
configure:11782: checking whether stripping libraries is possible
configure:11787: result: yes
configure:11822: checking if libtool supports shared libraries
configure:11824: result: yes
configure:11827: checking whether to build shared libraries
configure:11848: result: yes
configure:11851: checking whether to build static libraries
configure:11855: result: yes
configure:11878: checking how to run the C++ preprocessor
configure:11905: g++ -E  conftest.cpp
configure:11905: $? = 0
configure:11919: g++ -E  conftest.cpp
conftest.cpp:23:28: fatal error: ac_nonexistent.h: No such file or directory
 #include <ac_nonexistent.h>
                            ^
compilation terminated.
configure:11919: $? = 1
configure: failed program was:
| /* confdefs.h */
| #define PACKAGE_NAME "BoostThreadPractice"
| #define PACKAGE_TARNAME "boostthreadpractice"
| #define PACKAGE_VERSION "0.1"
| #define PACKAGE_STRING "BoostThreadPractice 0.1"
| #define PACKAGE_BUGREPORT "wajianming@mgmail.com"
| #define PACKAGE_URL ""
| #define PACKAGE "boostthreadpractice"
| #define VERSION "0.1"
| #define STDC_HEADERS 1
| #define HAVE_SYS_TYPES_H 1
| #define HAVE_SYS_STAT_H 1
| #define HAVE_STDLIB_H 1
| #define HAVE_STRING_H 1
| #define HAVE_MEMORY_H 1
| #define HAVE_STRINGS_H 1
| #define HAVE_INTTYPES_H 1
| #define HAVE_STDINT_H 1
| #define HAVE_UNISTD_H 1
| #define HAVE_DLFCN_H 1
| #define LT_OBJDIR ".libs/"
| /* end confdefs.h.  */
| #include <ac_nonexistent.h>
configure:11944: result: g++ -E
configure:11964: g++ -E  conftest.cpp
configure:11964: $? = 0
configure:11978: g++ -E  conftest.cpp
conftest.cpp:23:28: fatal error: ac_nonexistent.h: No such file or directory
 #include <ac_nonexistent.h>
                            ^
compilation terminated.
configure:11978: $? = 1
configure: failed program was:
| /* confdefs.h */
| #define PACKAGE_NAME "BoostThreadPractice"
| #define PACKAGE_TARNAME "boostthreadpractice"
| #define PACKAGE_VERSION "0.1"
| #define PACKAGE_STRING "BoostThreadPractice 0.1"
| #define PACKAGE_BUGREPORT "wajianming@mgmail.com"
| #define PACKAGE_URL ""
| #define PACKAGE "boostthreadpractice"
| #define VERSION "0.1"
| #define STDC_HEADERS 1
| #define HAVE_SYS_TYPES_H 1
| #define HAVE_SYS_STAT_H 1
| #define HAVE_STDLIB_H 1
| #define HAVE_STRING_H 1
| #define HAVE_MEMORY_H 1
| #define HAVE_STRINGS_H 1
| #define HAVE_INTTYPES_H 1
| #define HAVE_STDINT_H 1
| #define HAVE_UNISTD_H 1
| #define HAVE_DLFCN_H 1
| #define LT_OBJDIR ".libs/"
| /* end confdefs.h.  */
| #include <ac_nonexistent.h>
configure:12147: checking for ld used by g++
configure:12214: result: /usr/bin/ld -m elf_x86_64
configure:12221: checking if the linker (/usr/bin/ld -m elf_x86_64) is GNU ld
configure:12236: result: yes
configure:12291: checking whether the g++ linker (/usr/bin/ld -m elf_x86_64) supports shared libraries
configure:13293: result: yes
configure:13329: g++ -c -g -O2  conftest.cpp >&5
configure:13332: $? = 0
configure:13852: checking for g++ option to produce PIC
configure:13859: result: -fPIC -DPIC
configure:13867: checking if g++ PIC flag -fPIC -DPIC works
configure:13885: g++ -c -g -O2  -fPIC -DPIC -DPIC conftest.cpp >&5
configure:13889: $? = 0
configure:13902: result: yes
configure:13925: checking if g++ static flag -static works
configure:13953: result: yes
configure:13965: checking if g++ supports -c -o file.o
configure:13986: g++ -c -g -O2  -o out/conftest2.o conftest.cpp >&5
configure:13990: $? = 0
configure:14012: result: yes
configure:14017: checking if g++ supports -c -o file.o
configure:14064: result: yes
configure:14094: checking whether the g++ linker (/usr/bin/ld -m elf_x86_64) supports shared libraries
configure:14133: result: yes
configure:14274: checking dynamic linker characteristics
configure:14942: result: GNU/Linux ld.so
configure:14995: checking how to hardcode library paths into programs
configure:15020: result: immediate
configure:15199: checking that generated files are newer than configure
configure:15205: result: done
configure:15232: creating ./config.status

## ---------------------- ##
## Running config.status. ##
## ---------------------- ##

This file was extended by BoostThreadPractice config.status 0.1, which was
generated by GNU Autoconf 2.69.  Invocation command line was

  CONFIG_FILES    = 
  CONFIG_HEADERS  = 
  CONFIG_LINKS    = 
  CONFIG_COMMANDS = 
  $ ./config.status 

on jm-UX303LB

config.status:1148: creating Makefile
config.status:1148: creating src/Makefile
config.status:1148: creating src/bin/Makefile
config.status:1148: creating src/dynamic_lib/Makefile
config.status:1148: creating src/module/Makefile
config.status:1148: creating src/static_lib/Makefile
config.status:1148: creating config.h
config.status:1329: config.h is unchanged
config.status:1377: executing depfiles commands
config.status:1377: executing libtool commands

## ---------------- ##
## Cache variables. ##
## ---------------- ##

ac_cv_build=x86_64-unknown-linux-gnu
ac_cv_c_compiler_gnu=yes
ac_cv_cxx_compiler_gnu=yes
ac_cv_env_CCC_set=
ac_cv_env_CCC_value=
ac_cv_env_CC_set=
ac_cv_env_CC_value=
ac_cv_env_CFLAGS_set=
ac_cv_env_CFLAGS_value=
ac_cv_env_CPPFLAGS_set=
ac_cv_env_CPPFLAGS_value=
ac_cv_env_CPP_set=
ac_cv_env_CPP_value=
ac_cv_env_CXXCPP_set=
ac_cv_env_CXXCPP_value=
ac_cv_env_CXXFLAGS_set=
ac_cv_env_CXXFLAGS_value=
ac_cv_env_CXX_set=
ac_cv_env_CXX_value=
ac_cv_env_LDFLAGS_set=
ac_cv_env_LDFLAGS_value=
ac_cv_env_LIBS_set=
ac_cv_env_LIBS_value=
ac_cv_env_build_alias_set=
ac_cv_env_build_alias_value=
ac_cv_env_host_alias_set=
ac_cv_env_host_alias_value=
ac_cv_env_target_alias_set=
ac_cv_env_target_alias_value=
ac_cv_func_dlopen=no
ac_cv_func_shl_load=no
ac_cv_header_dlfcn_h=yes
ac_cv_header_inttypes_h=yes
ac_cv_header_memory_h=yes
ac_cv_header_stdc=yes
ac_cv_header_stdint_h=yes
ac_cv_header_stdlib_h=yes
ac_cv_header_string_h=yes
ac_cv_header_strings_h=yes
ac_cv_header_sys_stat_h=yes
ac_cv_header_sys_types_h=yes
ac_cv_header_unistd_h=yes
ac_cv_host=x86_64-unknown-linux-gnu
ac_cv_lib_dl_dlopen=yes
ac_cv_lib_dld_shl_load=no
ac_cv_objext=o
ac_cv_path_EGREP='/bin/grep -E'
ac_cv_path_FGREP='/bin/grep -F'
ac_cv_path_GREP=/bin/grep
ac_cv_path_SED=/bin/sed
ac_cv_path_install='/usr/bin/install -c'
ac_cv_path_mkdir=/bin/mkdir
ac_cv_prog_AWK=mawk
ac_cv_prog_CPP='gcc -E'
ac_cv_prog_CXXCPP='g++ -E'
ac_cv_prog_ac_ct_AR=ar
ac_cv_prog_ac_ct_CC=gcc
ac_cv_prog_ac_ct_CXX=g++
ac_cv_prog_ac_ct_MANIFEST_TOOL=mt
ac_cv_prog_ac_ct_OBJDUMP=objdump
ac_cv_prog_ac_ct_RANLIB=ranlib
ac_cv_prog_ac_ct_STRIP=strip
ac_cv_prog_cc_c89=
ac_cv_prog_cc_g=yes
ac_cv_prog_cxx_g=yes
ac_cv_prog_make_make_set=yes
am_cv_CC_dependencies_compiler_type=gcc3
am_cv_CXX_dependencies_compiler_type=gcc3
am_cv_make_support_nested_variables=yes
am_cv_prog_cc_c_o=yes
lt_cv_ar_at_file=@
lt_cv_archive_cmds_need_lc=no
lt_cv_deplibs_check_method=pass_all
lt_cv_dlopen=dlopen
lt_cv_dlopen_libs=-ldl
lt_cv_dlopen_self=yes
lt_cv_dlopen_self_static=no
lt_cv_file_magic_cmd='$MAGIC_CMD'
lt_cv_file_magic_test_file=
lt_cv_ld_reload_flag=-r
lt_cv_nm_interface='BSD nm'
lt_cv_objdir=.libs
lt_cv_path_LD=/usr/bin/ld
lt_cv_path_LDCXX='/usr/bin/ld -m elf_x86_64'
lt_cv_path_NM='/usr/bin/nm -B'
lt_cv_path_mainfest_tool=no
lt_cv_prog_compiler_c_o=yes
lt_cv_prog_compiler_c_o_CXX=yes
lt_cv_prog_compiler_pic='-fPIC -DPIC'
lt_cv_prog_compiler_pic_CXX='-fPIC -DPIC'
lt_cv_prog_compiler_pic_works=yes
lt_cv_prog_compiler_pic_works_CXX=yes
lt_cv_prog_compiler_rtti_exceptions=no
lt_cv_prog_compiler_static_works=yes
lt_cv_prog_compiler_static_works_CXX=yes
lt_cv_prog_gnu_ld=yes
lt_cv_prog_gnu_ldcxx=yes
lt_cv_sharedlib_from_linklib_cmd='printf %s\n'
lt_cv_shlibpath_overrides_runpath=no
lt_cv_sys_global_symbol_pipe='sed -n -e '\''s/^.*[	 ]\([ABCDGIRSTW][ABCDGIRSTW]*\)[	 ][	 ]*\([_A-Za-z][_A-Za-z0-9]*\)$/\1 \2 \2/p'\'' | sed '\''/ __gnu_lto/d'\'''
lt_cv_sys_global_symbol_to_c_name_address='sed -n -e '\''s/^: \([^ ]*\)[ ]*$/  {\"\1\", (void *) 0},/p'\'' -e '\''s/^[ABCDGIRSTW]* \([^ ]*\) \([^ ]*\)$/  {"\2", (void *) \&\2},/p'\'''
lt_cv_sys_global_symbol_to_c_name_address_lib_prefix='sed -n -e '\''s/^: \([^ ]*\)[ ]*$/  {\"\1\", (void *) 0},/p'\'' -e '\''s/^[ABCDGIRSTW]* \([^ ]*\) \(lib[^ ]*\)$/  {"\2", (void *) \&\2},/p'\'' -e '\''s/^[ABCDGIRSTW]* \([^ ]*\) \([^ ]*\)$/  {"lib\2", (void *) \&\2},/p'\'''
lt_cv_sys_global_symbol_to_cdecl='sed -n -e '\''s/^T .* \(.*\)$/extern int \1();/p'\'' -e '\''s/^[ABCDGIRSTW]* .* \(.*\)$/extern char \1;/p'\'''
lt_cv_sys_max_cmd_len=1572864
lt_cv_to_host_file_cmd=func_convert_file_noop
lt_cv_to_tool_file_cmd=func_convert_file_noop

## ----------------- ##
## Output variables. ##
## ----------------- ##

ACLOCAL='aclocal-1.14'
AMDEPBACKSLASH='\'
AMDEP_FALSE='#'
AMDEP_TRUE=''
AMTAR='$${TAR-tar}'
AM_BACKSLASH='\'
AM_DEFAULT_V='$(AM_DEFAULT_VERBOSITY)'
AM_DEFAULT_VERBOSITY='1'
AM_V='$(V)'
AR='ar'
AUTOCONF='autoconf'
AUTOHEADER='autoheader'
AUTOMAKE='automake-1.14'
AWK='mawk'
CC='gcc'
CCDEPMODE='depmode=gcc3'
CFLAGS='-g -O2'
CPP='gcc -E'
CPPFLAGS=''
CXX='g++'
CXXCPP='g++ -E'
CXXDEPMODE='depmode=gcc3'
CXXFLAGS='-g -O2'
CYGPATH_W='echo'
DEFS='-DHAVE_CONFIG_H'
DEPDIR='.deps'
DLLTOOL='false'
DSYMUTIL=''
DUMPBIN=''
ECHO_C=''
ECHO_N='-n'
ECHO_T=''
EGREP='/bin/grep -E'
EXEEXT=''
FGREP='/bin/grep -F'
GREP='/bin/grep'
INSTALL_DATA='${INSTALL} -m 644'
INSTALL_PROGRAM='${INSTALL}'
INSTALL_SCRIPT='${INSTALL}'
INSTALL_STRIP_PROGRAM='$(install_sh) -c -s'
LD='/usr/bin/ld -m elf_x86_64'
LDFLAGS=''
LIBOBJS=''
LIBS=''
LIBTOOL='$(SHELL) $(top_builddir)/libtool'
LIPO=''
LN_S='ln -s'
LTLIBOBJS=''
MAKEINFO='makeinfo'
MANIFEST_TOOL=':'
MKDIR_P='/bin/mkdir -p'
NM='/usr/bin/nm -B'
NMEDIT=''
OBJDUMP='objdump'
OBJEXT='o'
OTOOL64=''
OTOOL=''
PACKAGE='boostthreadpractice'
PACKAGE_BUGREPORT='wajianming@mgmail.com'
PACKAGE_NAME='BoostThreadPractice'
PACKAGE_STRING='BoostThreadPractice 0.1'
PACKAGE_TARNAME='boostthreadpractice'
PACKAGE_URL=''
PACKAGE_VERSION='0.1'
PATH_SEPARATOR=':'
RANLIB='ranlib'
SED='/bin/sed'
SET_MAKE=''
SHELL='/bin/bash'
STRIP='strip'
VERSION='0.1'
ac_ct_AR='ar'
ac_ct_CC='gcc'
ac_ct_CXX='g++'
ac_ct_DUMPBIN=''
am__EXEEXT_FALSE=''
am__EXEEXT_TRUE='#'
am__fastdepCC_FALSE='#'
am__fastdepCC_TRUE=''
am__fastdepCXX_FALSE='#'
am__fastdepCXX_TRUE=''
am__include='include'
am__isrc=''
am__leading_dot='.'
am__nodep='_no'
am__quote=''
am__tar='$${TAR-tar} chof - "$$tardir"'
am__untar='$${TAR-tar} xf -'
bindir='${exec_prefix}/bin'
build='x86_64-unknown-linux-gnu'
build_alias=''
build_cpu='x86_64'
build_os='linux-gnu'
build_vendor='unknown'
datadir='${datarootdir}'
datarootdir='${prefix}/share'
docdir='${datarootdir}/doc/${PACKAGE_TARNAME}'
dvidir='${docdir}'
exec_prefix='${prefix}'
host='x86_64-unknown-linux-gnu'
host_alias=''
host_cpu='x86_64'
host_os='linux-gnu'
host_vendor='unknown'
htmldir='${docdir}'
includedir='${prefix}/include'
infodir='${datarootdir}/info'
install_sh='${SHELL} /home/jm/install-sh'
libdir='${exec_prefix}/lib'
libexecdir='${exec_prefix}/libexec'
localedir='${datarootdir}/locale'
localstatedir='${prefix}/var'
mandir='${datarootdir}/man'
mkdir_p='$(MKDIR_P)'
oldincludedir='/usr/include'
pdfdir='${docdir}'
prefix='/usr/local'
program_transform_name='s,x,x,'
psdir='${docdir}'
sbindir='${exec_prefix}/sbin'
sharedstatedir='${prefix}/com'
sysconfdir='${prefix}/etc'
target_alias=''

## ----------- ##
## confdefs.h. ##
## ----------- ##

/* confdefs.h */
#define PACKAGE_NAME "BoostThreadPractice"
#define PACKAGE_TARNAME "boostthreadpractice"
#define PACKAGE_VERSION "0.1"
#define PACKAGE_STRING "BoostThreadPractice 0.1"
#define PACKAGE_BUGREPORT "wajianming@mgmail.com"
#define PACKAGE_URL ""
#define PACKAGE "boostthreadpractice"
#define VERSION "0.1"
#define STDC_HEADERS 1
#define HAVE_SYS_TYPES_H 1
#define HAVE_SYS_STAT_H 1
#define HAVE_STDLIB_H 1
#define HAVE_STRING_H 1
#define HAVE_MEMORY_H 1
#define HAVE_STRINGS_H 1
#define HAVE_INTTYPES_H 1
#define HAVE_STDINT_H 1
#define HAVE_UNISTD_H 1
#define HAVE_DLFCN_H 1
#define LT_OBJDIR ".libs/"

configure: exit 0
